0 info it worked if it ends with ok
1 verbose cli [ 'D:\\Program Files\\nodejs\\node.exe',
1 verbose cli   'C:\\Users\\Administrator\\AppData\\Roaming\\npm\\node_modules\\npm\\bin\\npm-cli.js',
1 verbose cli   'start' ]
2 info using npm@3.9.6
3 info using node@v6.2.1
4 verbose run-script [ 'prestart', 'start', 'poststart' ]
5 info lifecycle react-webpack-babel@1.0.0~prestart: react-webpack-babel@1.0.0
6 silly lifecycle react-webpack-babel@1.0.0~prestart: no script for prestart, continuing
7 info lifecycle react-webpack-babel@1.0.0~start: react-webpack-babel@1.0.0
8 verbose lifecycle react-webpack-babel@1.0.0~start: unsafe-perm in lifecycle true
9 verbose lifecycle react-webpack-babel@1.0.0~start: PATH: C:\Users\Administrator\AppData\Roaming\npm\node_modules\npm\bin\node-gyp-bin;E:\study\react-webpack-babel-sgj\react-webpack-babel\node_modules\.bin;D:\Program Files\nodejs;C:\Users\Administrator\AppData\Roaming\npm;D:\Program Files\nodejs\;d:\Ruby22-x64\bin;C:\Windows\system32;C:\Windows;C:\Windows\System32\Wbem;C:\Windows\System32\WindowsPowerShell\v1.0\;D:\Program Files (x86)\GitExtensions\;D:\Program Files\Git\bin;D:\Program Files\Git\cmd;D:\Program Files\TortoiseSVN\bin;D:\Program Files\java\jdk1.7.0_79\bin;D:\Program Files\java\jdk1.7.0_79\jre\bin;D:\Program Files\nodejs\;C:\Users\Administrator\AppData\Roaming\npm
10 verbose lifecycle react-webpack-babel@1.0.0~start: CWD: E:\study\react-webpack-babel-sgj\react-webpack-babel
11 silly lifecycle react-webpack-babel@1.0.0~start: Args: [ '/d /s /c', 'webpack-dev-server  --hot --progress --colors' ]
12 silly lifecycle react-webpack-babel@1.0.0~start: Returned: code: 1  signal: null
13 info lifecycle react-webpack-babel@1.0.0~start: Failed to exec start script
14 verbose stack Error: react-webpack-babel@1.0.0 start: `webpack-dev-server  --hot --progress --colors`
14 verbose stack Exit status 1
14 verbose stack     at EventEmitter.<anonymous> (C:\Users\Administrator\AppData\Roaming\npm\node_modules\npm\lib\utils\lifecycle.js:245:16)
14 verbose stack     at emitTwo (events.js:106:13)
14 verbose stack     at EventEmitter.emit (events.js:191:7)
14 verbose stack     at ChildProcess.<anonymous> (C:\Users\Administrator\AppData\Roaming\npm\node_modules\npm\lib\utils\spawn.js:24:14)
14 verbose stack     at emitTwo (events.js:106:13)
14 verbose stack     at ChildProcess.emit (events.js:191:7)
14 verbose stack     at maybeClose (internal/child_process.js:852:16)
14 verbose stack     at Process.ChildProcess._handle.onexit (internal/child_process.js:215:5)
15 verbose pkgid react-webpack-babel@1.0.0
16 verbose cwd E:\study\react-webpack-babel-sgj\react-webpack-babel
17 error Windows_NT 6.1.7601
18 error argv "D:\\Program Files\\nodejs\\node.exe" "C:\\Users\\Administrator\\AppData\\Roaming\\npm\\node_modules\\npm\\bin\\npm-cli.js" "start"
19 error node v6.2.1
20 error npm  v3.9.6
21 error code ELIFECYCLE
22 error react-webpack-babel@1.0.0 start: `webpack-dev-server  --hot --progress --colors`
22 error Exit status 1
23 error Failed at the react-webpack-babel@1.0.0 start script 'webpack-dev-server  --hot --progress --colors'.
23 error Make sure you have the latest version of node.js and npm installed.
23 error If you do, this is most likely a problem with the react-webpack-babel package,
23 error not with npm itself.
23 error Tell the author that this fails on your system:
23 error     webpack-dev-server  --hot --progress --colors
23 error You can get information on how to open an issue for this project with:
23 error     npm bugs react-webpack-babel
23 error Or if that isn't available, you can get their info via:
23 error     npm owner ls react-webpack-babel
23 error There is likely additional logging output above.
24 verbose exit [ 1, true ]
